<?xml version="1.0" encoding="UTF-8"?>
<testsuite name="com.tripmaster.tourguide.TourGuideServiceTests" tests="6" skipped="0" failures="0" errors="0" timestamp="2023-06-16T08:45:53" hostname="Mac-mini-de-Sabrina.local" time="3.515">
  <properties/>
  <testcase name="getUserLocation" classname="com.tripmaster.tourguide.TourGuideServiceTests" time="0.349"/>
  <testcase name="addUser" classname="com.tripmaster.tourguide.TourGuideServiceTests" time="0.001"/>
  <testcase name="getTripDeals" classname="com.tripmaster.tourguide.TourGuideServiceTests" time="0.045"/>
  <testcase name="getAllUsers" classname="com.tripmaster.tourguide.TourGuideServiceTests" time="0.003"/>
  <testcase name="trackUser" classname="com.tripmaster.tourguide.TourGuideServiceTests" time="0.093"/>
  <testcase name="getNearbyAttractions" classname="com.tripmaster.tourguide.TourGuideServiceTests" time="3.024"/>
  <system-out><![CDATA[10:45:53.501 [Test worker] INFO com.tripmaster.tourguide.service.TourGuideService - TestMode enabled
10:45:53.509 [Test worker] DEBUG com.tripmaster.tourguide.service.TourGuideService - Initializing users
10:45:53.515 [Test worker] DEBUG com.tripmaster.tourguide.service.TourGuideService - Created 0 internal test users.
10:45:53.517 [Test worker] DEBUG com.tripmaster.tourguide.service.TourGuideService - Finished initializing users
10:45:53.551 [pool-1-thread-1] DEBUG com.tripmaster.tourguide.model.tracker.Tracker - Begin Tracker. Tracking 0 users.
10:45:53.553 [pool-1-thread-1] DEBUG com.tripmaster.tourguide.model.tracker.Tracker - Tracker Time Elapsed: 0 seconds.
10:45:53.553 [pool-1-thread-1] DEBUG com.tripmaster.tourguide.model.tracker.Tracker - Tracker sleeping
10:45:53.716 [Test worker] INFO com.tripmaster.tourguide.service.TourGuideService - TestMode enabled
10:45:53.716 [Test worker] DEBUG com.tripmaster.tourguide.service.TourGuideService - Initializing users
10:45:53.716 [Test worker] DEBUG com.tripmaster.tourguide.service.TourGuideService - Created 0 internal test users.
10:45:53.716 [Test worker] DEBUG com.tripmaster.tourguide.service.TourGuideService - Finished initializing users
10:45:53.717 [Test worker] INFO com.tripmaster.tourguide.service.TourGuideService - TestMode enabled
10:45:53.717 [Test worker] DEBUG com.tripmaster.tourguide.service.TourGuideService - Initializing users
10:45:53.717 [Test worker] DEBUG com.tripmaster.tourguide.service.TourGuideService - Created 0 internal test users.
10:45:53.717 [Test worker] DEBUG com.tripmaster.tourguide.service.TourGuideService - Finished initializing users
10:45:53.717 [pool-2-thread-1] DEBUG com.tripmaster.tourguide.model.tracker.Tracker - Tracker stopping
10:45:53.726 [pool-3-thread-1] DEBUG com.tripmaster.tourguide.model.tracker.Tracker - Begin Tracker. Tracking 0 users.
10:45:53.726 [pool-3-thread-1] DEBUG com.tripmaster.tourguide.model.tracker.Tracker - Tracker Time Elapsed: 0 seconds.
10:45:53.726 [pool-3-thread-1] DEBUG com.tripmaster.tourguide.model.tracker.Tracker - Tracker sleeping
10:45:53.762 [Test worker] INFO com.tripmaster.tourguide.service.TourGuideService - TestMode enabled
10:45:53.762 [Test worker] DEBUG com.tripmaster.tourguide.service.TourGuideService - Initializing users
10:45:53.762 [Test worker] DEBUG com.tripmaster.tourguide.service.TourGuideService - Created 0 internal test users.
10:45:53.762 [Test worker] DEBUG com.tripmaster.tourguide.service.TourGuideService - Finished initializing users
10:45:53.765 [Test worker] INFO com.tripmaster.tourguide.service.TourGuideService - TestMode enabled
10:45:53.765 [Test worker] DEBUG com.tripmaster.tourguide.service.TourGuideService - Initializing users
10:45:53.765 [Test worker] DEBUG com.tripmaster.tourguide.service.TourGuideService - Created 0 internal test users.
10:45:53.765 [Test worker] DEBUG com.tripmaster.tourguide.service.TourGuideService - Finished initializing users
10:45:53.765 [pool-4-thread-1] DEBUG com.tripmaster.tourguide.model.tracker.Tracker - Tracker stopping
10:45:53.772 [pool-5-thread-1] DEBUG com.tripmaster.tourguide.model.tracker.Tracker - Begin Tracker. Tracking 0 users.
10:45:53.772 [pool-5-thread-1] DEBUG com.tripmaster.tourguide.model.tracker.Tracker - Tracker Time Elapsed: 0 seconds.
10:45:53.772 [pool-5-thread-1] DEBUG com.tripmaster.tourguide.model.tracker.Tracker - Tracker sleeping
10:45:53.858 [Test worker] INFO com.tripmaster.tourguide.service.TourGuideService - TestMode enabled
10:45:53.858 [Test worker] DEBUG com.tripmaster.tourguide.service.TourGuideService - Initializing users
10:45:53.859 [Test worker] DEBUG com.tripmaster.tourguide.service.TourGuideService - Created 0 internal test users.
10:45:53.859 [Test worker] DEBUG com.tripmaster.tourguide.service.TourGuideService - Finished initializing users
10:45:53.860 [pool-6-thread-1] DEBUG com.tripmaster.tourguide.model.tracker.Tracker - Begin Tracker. Tracking 0 users.
10:45:53.860 [pool-6-thread-1] DEBUG com.tripmaster.tourguide.model.tracker.Tracker - Tracker Time Elapsed: 0 seconds.
10:45:53.860 [pool-6-thread-1] DEBUG com.tripmaster.tourguide.model.tracker.Tracker - Tracker sleeping
]]></system-out>
  <system-err><![CDATA[Jun 16, 2023 10:45:53 AM org.javamoney.moneta.DefaultMonetaryContextFactory createMonetaryContextNonNullConfig
INFO: Using custom MathContext: precision=256, roundingMode=HALF_EVEN
]]></system-err>
</testsuite>
