<?xml version="1.0" encoding="UTF-8"?>
<testsuite name="com.tripmaster.tourguide.BasicTests" tests="1" skipped="0" failures="0" errors="0" timestamp="2023-05-26T14:34:29" hostname="Mac-mini-de-Sabrina.local" time="0.0">
  <properties/>
  <testcase name="contextLoads" classname="com.tripmaster.tourguide.BasicTests" time="0.0"/>
  <system-out><![CDATA[]]></system-out>
  <system-err><![CDATA[]]></system-err>
</testsuite>
