<?xml version="1.0" encoding="UTF-8"?>
<testsuite name="com.tripmaster.tourguide.PerformanceTests" tests="2" skipped="0" failures="0" errors="0" timestamp="2023-06-16T08:45:56" hostname="Mac-mini-de-Sabrina.local" time="7.363">
  <properties/>
  <testcase name="highVolumeTrackLocation" classname="com.tripmaster.tourguide.PerformanceTests" time="1.731"/>
  <testcase name="highVolumeGetRewards" classname="com.tripmaster.tourguide.PerformanceTests" time="5.632"/>
  <system-out><![CDATA[10:45:56.884 [Test worker] INFO com.tripmaster.tourguide.service.TourGuideService - TestMode enabled
10:45:56.884 [Test worker] DEBUG com.tripmaster.tourguide.service.TourGuideService - Initializing users
10:45:56.960 [Test worker] DEBUG com.tripmaster.tourguide.service.TourGuideService - Created 1000 internal test users.
10:45:56.960 [Test worker] DEBUG com.tripmaster.tourguide.service.TourGuideService - Finished initializing users
10:45:56.962 [pool-7-thread-1] DEBUG com.tripmaster.tourguide.model.tracker.Tracker - Begin Tracker. Tracking 1000 users.
highVolumeTrackLocation: Time Elapsed: 1 seconds.
10:45:58.614 [Test worker] INFO com.tripmaster.tourguide.service.TourGuideService - TestMode enabled
10:45:58.615 [Test worker] DEBUG com.tripmaster.tourguide.service.TourGuideService - Initializing users
10:45:58.623 [Test worker] DEBUG com.tripmaster.tourguide.service.TourGuideService - Created 500 internal test users.
10:45:58.624 [Test worker] DEBUG com.tripmaster.tourguide.service.TourGuideService - Finished initializing users
10:45:58.625 [pool-9-thread-1] DEBUG com.tripmaster.tourguide.model.tracker.Tracker - Begin Tracker. Tracking 500 users.
highVolumeGetRewards: Time Elapsed: 5 seconds.
]]></system-out>
  <system-err><![CDATA[]]></system-err>
</testsuite>
